2024-07-18 22:03:06,856 INFO: Supermarket startup [in E:\My struggle\数据库课设\app\__init__.py:45]
2024-07-18 22:03:07,533 INFO: Supermarket startup [in E:\My struggle\数据库课设\app\__init__.py:45]
2024-07-18 22:03:09,154 INFO: Rendering analysis page [in E:\My struggle\数据库课设\app\routes\analysis.py:23]
2024-07-18 22:03:10,033 INFO: Sales trend analysis requested [in E:\My struggle\数据库课设\app\routes\analysis.py:28]
2024-07-18 22:03:10,034 INFO: Top products analysis requested [in E:\My struggle\数据库课设\app\routes\analysis.py:55]
2024-07-18 22:03:10,036 INFO: Employee performance analysis requested [in E:\My struggle\数据库课设\app\routes\analysis.py:85]
2024-07-18 22:03:10,038 INFO: Inventory turnover analysis requested [in E:\My struggle\数据库课设\app\routes\analysis.py:154]
2024-07-18 22:03:12,536 INFO: Sales trend analysis requested [in E:\My struggle\数据库课设\app\routes\analysis.py:28]
2024-07-18 22:03:12,546 INFO: Top products analysis requested [in E:\My struggle\数据库课设\app\routes\analysis.py:55]
2024-07-18 22:03:12,557 INFO: Employee performance analysis requested [in E:\My struggle\数据库课设\app\routes\analysis.py:85]
2024-07-18 22:03:12,580 INFO: Inventory turnover analysis requested [in E:\My struggle\数据库课设\app\routes\analysis.py:154]
2024-07-18 22:03:12,589 ERROR: Error in generate_report: a bytes-like object is required, not 'str' [in E:\My struggle\数据库课设\app\routes\analysis.py:200]
2024-07-18 22:03:12,590 ERROR: Traceback (most recent call last):
  File "E:\My struggle\数据库课设\app\routes\analysis.py", line 189, in generate_report
    generate_csv_report(output, report_data)
  File "E:\My struggle\数据库课设\app\routes\analysis.py", line 313, in generate_csv_report
    writer.writerow(["销售趋势"])
TypeError: a bytes-like object is required, not 'str'
 [in E:\My struggle\数据库课设\app\routes\analysis.py:201]
2024-07-19 00:18:45,691 INFO: Supermarket startup [in E:\My struggle\数据库课设\app\__init__.py:45]
2024-07-19 00:19:16,041 INFO: Supermarket startup [in E:\My struggle\数据库课设\app\__init__.py:45]
2024-07-19 00:20:41,893 INFO: Rendering analysis page [in E:\My struggle\数据库课设\app\routes\analysis.py:23]
2024-07-19 00:20:43,144 INFO: Supermarket startup [in E:\My struggle\数据库课设\app\__init__.py:45]
2024-07-19 00:20:43,204 INFO: Sales trend analysis requested [in E:\My struggle\数据库课设\app\routes\analysis.py:28]
2024-07-19 00:20:43,520 INFO: Top products analysis requested [in E:\My struggle\数据库课设\app\routes\analysis.py:55]
2024-07-19 00:20:43,531 INFO: Employee performance analysis requested [in E:\My struggle\数据库课设\app\routes\analysis.py:85]
2024-07-19 00:20:43,569 INFO: Inventory turnover analysis requested [in E:\My struggle\数据库课设\app\routes\analysis.py:154]
2024-07-19 00:20:57,918 INFO: Sales trend analysis requested [in E:\My struggle\数据库课设\app\routes\analysis.py:28]
2024-07-19 00:20:57,921 INFO: Top products analysis requested [in E:\My struggle\数据库课设\app\routes\analysis.py:55]
2024-07-19 00:20:57,924 INFO: Employee performance analysis requested [in E:\My struggle\数据库课设\app\routes\analysis.py:85]
2024-07-19 00:20:57,927 INFO: Inventory turnover analysis requested [in E:\My struggle\数据库课设\app\routes\analysis.py:154]
2024-07-19 00:23:03,479 INFO: Accessing suppliers page [in E:\My struggle\数据库课设\app\routes\supplier.py:9]
2024-07-19 00:23:05,086 INFO: Accessing employees page [in E:\My struggle\数据库课设\app\routes\employee.py:10]
2024-07-19 00:23:06,625 INFO: Accessing purchases page [in E:\My struggle\数据库课设\app\routes\purchase.py:11]
2024-07-19 00:23:22,721 INFO: Searching purchases [in E:\My struggle\数据库课设\app\routes\purchase.py:53]
2024-07-19 00:23:33,473 INFO: Accessing sales page [in E:\My struggle\数据库课设\app\routes\sale.py:12]
2024-07-19 00:23:37,734 INFO: Fetching inventory list [in E:\My struggle\数据库课设\app\routes\inventory.py:21]
2024-07-19 00:23:37,747 INFO: Found 41 products [in E:\My struggle\数据库课设\app\routes\inventory.py:23]
2024-07-19 00:23:37,771 INFO: Successfully prepared inventory data [in E:\My struggle\数据库课设\app\routes\inventory.py:41]
2024-07-19 00:23:48,124 INFO: Fetching inventory list [in E:\My struggle\数据库课设\app\routes\inventory.py:21]
2024-07-19 00:23:48,129 INFO: Found 41 products [in E:\My struggle\数据库课设\app\routes\inventory.py:23]
2024-07-19 00:23:48,149 INFO: Successfully prepared inventory data [in E:\My struggle\数据库课设\app\routes\inventory.py:41]
2024-07-19 00:23:49,303 INFO: Starting to generate inventory report [in E:\My struggle\数据库课设\app\routes\inventory.py:70]
2024-07-19 00:23:49,377 INFO: Inventory report generated successfully [in E:\My struggle\数据库课设\app\routes\inventory.py:98]
2024-07-19 00:24:01,022 INFO: Rendering analysis page [in E:\My struggle\数据库课设\app\routes\analysis.py:23]
2024-07-19 00:24:03,720 INFO: Sales trend analysis requested [in E:\My struggle\数据库课设\app\routes\analysis.py:28]
2024-07-19 00:24:03,723 INFO: Top products analysis requested [in E:\My struggle\数据库课设\app\routes\analysis.py:55]
2024-07-19 00:24:03,724 INFO: Employee performance analysis requested [in E:\My struggle\数据库课设\app\routes\analysis.py:85]
2024-07-19 00:24:03,727 INFO: Inventory turnover analysis requested [in E:\My struggle\数据库课设\app\routes\analysis.py:154]
2024-07-19 00:24:09,875 INFO: Sales trend analysis requested [in E:\My struggle\数据库课设\app\routes\analysis.py:28]
2024-07-19 00:24:09,889 INFO: Top products analysis requested [in E:\My struggle\数据库课设\app\routes\analysis.py:55]
2024-07-19 00:24:09,904 INFO: Employee performance analysis requested [in E:\My struggle\数据库课设\app\routes\analysis.py:85]
2024-07-19 00:24:09,933 INFO: Inventory turnover analysis requested [in E:\My struggle\数据库课设\app\routes\analysis.py:154]
2024-07-21 20:51:04,037 INFO: Supermarket startup [in D:\Code\Supermarket-manage-system\app\__init__.py:45]
2024-07-21 21:03:50,051 INFO: Supermarket startup [in d:\Code\Supermarket-manage-system\app\__init__.py:45]
2024-07-21 21:16:24,935 INFO: Supermarket startup [in d:\Code\Supermarket-manage-system\app\__init__.py:45]
2024-07-21 21:16:25,454 INFO: Supermarket startup [in d:\Code\Supermarket-manage-system\app\__init__.py:45]
2024-07-23 11:18:32,137 INFO: Supermarket startup [in d:\Code\Supermarket-manage-system\app\__init__.py:45]
2024-07-23 11:18:32,629 INFO: Supermarket startup [in d:\Code\Supermarket-manage-system\app\__init__.py:45]
2024-07-23 11:22:10,974 INFO: Supermarket startup [in d:\Code\Supermarket-manage-system\app\__init__.py:45]
2024-07-23 11:22:11,505 INFO: Supermarket startup [in d:\Code\Supermarket-manage-system\app\__init__.py:45]
2024-07-23 11:45:59,150 INFO: Supermarket startup [in d:\Code\Supermarket-manage-system\app\__init__.py:45]
2024-07-23 11:45:59,607 INFO: Supermarket startup [in d:\Code\Supermarket-manage-system\app\__init__.py:45]
2024-07-23 12:07:33,209 INFO: Supermarket startup [in d:\Code\Supermarket-manage-system\app\__init__.py:45]
2024-07-23 12:07:33,684 INFO: Supermarket startup [in d:\Code\Supermarket-manage-system\app\__init__.py:45]
2024-07-23 12:11:59,965 INFO: Accessing employees page [in d:\Code\Supermarket-manage-system\app\routes\employee.py:10]
2024-07-23 12:12:05,114 INFO: Accessing suppliers page [in d:\Code\Supermarket-manage-system\app\routes\supplier.py:9]
2024-07-23 12:12:06,975 INFO: Accessing employees page [in d:\Code\Supermarket-manage-system\app\routes\employee.py:10]
2024-07-23 12:12:07,969 INFO: Accessing purchases page [in d:\Code\Supermarket-manage-system\app\routes\purchase.py:11]
2024-07-23 12:12:10,152 INFO: Accessing sales page [in d:\Code\Supermarket-manage-system\app\routes\sale.py:12]
2024-07-23 12:14:47,934 INFO: Accessing employees page [in d:\Code\Supermarket-manage-system\app\routes\employee.py:10]
2024-07-23 12:14:50,395 INFO: Fetching employee with id: 1 [in d:\Code\Supermarket-manage-system\app\routes\employee.py:37]
2024-07-23 12:14:54,788 INFO: Editing employee with id: 1 [in d:\Code\Supermarket-manage-system\app\routes\employee.py:49]
2024-07-23 12:14:54,854 INFO: Employee edited successfully: John Doe [in d:\Code\Supermarket-manage-system\app\routes\employee.py:59]
2024-07-23 12:14:56,426 INFO: Accessing employees page [in d:\Code\Supermarket-manage-system\app\routes\employee.py:10]
2024-07-23 12:15:03,163 INFO: Accessing suppliers page [in d:\Code\Supermarket-manage-system\app\routes\supplier.py:9]
2024-07-23 12:15:04,266 INFO: Accessing employees page [in d:\Code\Supermarket-manage-system\app\routes\employee.py:10]
2024-07-23 12:15:04,950 INFO: Accessing purchases page [in d:\Code\Supermarket-manage-system\app\routes\purchase.py:11]
2024-07-23 12:15:05,463 INFO: Accessing sales page [in d:\Code\Supermarket-manage-system\app\routes\sale.py:12]
2024-07-23 12:17:45,852 INFO: Fetching inventory list [in d:\Code\Supermarket-manage-system\app\routes\inventory.py:21]
2024-07-23 12:17:45,866 INFO: Found 10 products [in d:\Code\Supermarket-manage-system\app\routes\inventory.py:23]
2024-07-23 12:17:45,988 INFO: Successfully prepared inventory data [in d:\Code\Supermarket-manage-system\app\routes\inventory.py:41]
2024-07-23 12:17:49,008 INFO: Accessing purchases page [in d:\Code\Supermarket-manage-system\app\routes\purchase.py:11]
2024-07-23 12:17:49,604 INFO: Accessing employees page [in d:\Code\Supermarket-manage-system\app\routes\employee.py:10]
2024-07-23 12:17:50,085 INFO: Accessing suppliers page [in d:\Code\Supermarket-manage-system\app\routes\supplier.py:9]
2024-07-23 12:17:52,238 INFO: Accessing sales page [in d:\Code\Supermarket-manage-system\app\routes\sale.py:12]
2024-07-23 12:17:52,948 INFO: Fetching inventory list [in d:\Code\Supermarket-manage-system\app\routes\inventory.py:21]
2024-07-23 12:17:52,961 INFO: Found 10 products [in d:\Code\Supermarket-manage-system\app\routes\inventory.py:23]
2024-07-23 12:17:53,072 INFO: Successfully prepared inventory data [in d:\Code\Supermarket-manage-system\app\routes\inventory.py:41]
